{"/Users/sahil/Projects/lila-ai-web/components/ui/section-header.tsx": {"path":"/Users/sahil/Projects/lila-ai-web/components/ui/section-header.tsx","statementMap":{"0":{"start":{"line":7,"column":2},"end":{"line":11,"column":null}}},"fnMap":{"0":{"name":"SectionHeader","decl":{"start":{"line":6,"column":16},"end":{"line":6,"column":30}},"loc":{"start":{"line":6,"column":71},"end":{"line":13,"column":null}},"line":6}},"branchMap":{"0":{"loc":{"start":{"line":10,"column":9},"end":{"line":10,"column":null}},"type":"binary-expr","locations":[{"start":{"line":10,"column":9},"end":{"line":10,"column":21}},{"start":{"line":10,"column":21},"end":{"line":10,"column":null}}],"line":10}},"s":{"0":1},"f":{"0":1},"b":{"0":[1,1]},"meta":{"lastBranch":1,"lastFunction":1,"lastStatement":1,"seen":{"f:6:16:6:30":0,"s:7:2:11:Infinity":0,"b:10:9:10:21:10:21:10:Infinity":0}}}
,"/Users/sahil/Projects/lila-ai-web/components/ui/selection-button.tsx": {"path":"/Users/sahil/Projects/lila-ai-web/components/ui/selection-button.tsx","statementMap":{"0":{"start":{"line":6,"column":21},"end":{"line":9,"column":null}},"1":{"start":{"line":26,"column":2},"end":{"line":39,"column":null}}},"fnMap":{"0":{"name":"SelectionButton","decl":{"start":{"line":19,"column":16},"end":{"line":19,"column":32}},"loc":{"start":{"line":25,"column":25},"end":{"line":41,"column":null}},"line":25}},"branchMap":{"0":{"loc":{"start":{"line":31,"column":12},"end":{"line":31,"column":null}},"type":"cond-expr","locations":[{"start":{"line":31,"column":23},"end":{"line":31,"column":51}},{"start":{"line":31,"column":51},"end":{"line":31,"column":null}}],"line":31},"1":{"loc":{"start":{"line":32,"column":12},"end":{"line":32,"column":null}},"type":"cond-expr","locations":[{"start":{"line":32,"column":23},"end":{"line":32,"column":37}},{"start":{"line":32,"column":37},"end":{"line":32,"column":null}}],"line":32},"2":{"loc":{"start":{"line":36,"column":9},"end":{"line":36,"column":null}},"type":"binary-expr","locations":[{"start":{"line":36,"column":9},"end":{"line":36,"column":17}},{"start":{"line":36,"column":17},"end":{"line":36,"column":null}}],"line":36},"3":{"loc":{"start":{"line":38,"column":9},"end":{"line":38,"column":null}},"type":"binary-expr","locations":[{"start":{"line":38,"column":9},"end":{"line":38,"column":21}},{"start":{"line":38,"column":21},"end":{"line":38,"column":null}}],"line":38}},"s":{"0":1,"1":3},"f":{"0":3},"b":{"0":[1,2],"1":[1,2],"2":[3,0],"3":[3,1]},"meta":{"lastBranch":4,"lastFunction":1,"lastStatement":2,"seen":{"s:6:21:9:Infinity":0,"f:19:16:19:32":0,"s:26:2:39:Infinity":1,"b:31:23:31:51:31:51:31:Infinity":0,"b:32:23:32:37:32:37:32:Infinity":1,"b:36:9:36:17:36:17:36:Infinity":2,"b:38:9:38:21:38:21:38:Infinity":3}}}
,"/Users/sahil/Projects/lila-ai-web/lib/analytics.ts": {"path":"/Users/sahil/Projects/lila-ai-web/lib/analytics.ts","statementMap":{"0":{"start":{"line":35,"column":25},"end":{"line":55,"column":null}},"1":{"start":{"line":37,"column":4},"end":{"line":45,"column":null}},"2":{"start":{"line":38,"column":6},"end":{"line":38,"column":null}},"3":{"start":{"line":40,"column":6},"end":{"line":42,"column":null}},"4":{"start":{"line":41,"column":8},"end":{"line":41,"column":null}},"5":{"start":{"line":44,"column":6},"end":{"line":44,"column":null}},"6":{"start":{"line":49,"column":4},"end":{"line":49,"column":null}},"7":{"start":{"line":53,"column":4},"end":{"line":53,"column":null}}},"fnMap":{"0":{"name":"(anonymous_0)","decl":{"start":{"line":36,"column":9},"end":{"line":36,"column":10}},"loc":{"start":{"line":36,"column":65},"end":{"line":46,"column":null}},"line":36},"1":{"name":"(anonymous_1)","decl":{"start":{"line":48,"column":12},"end":{"line":48,"column":13}},"loc":{"start":{"line":48,"column":66},"end":{"line":50,"column":null}},"line":48},"2":{"name":"(anonymous_2)","decl":{"start":{"line":52,"column":9},"end":{"line":52,"column":15}},"loc":{"start":{"line":52,"column":15},"end":{"line":54,"column":null}},"line":52}},"branchMap":{"0":{"loc":{"start":{"line":40,"column":6},"end":{"line":42,"column":null}},"type":"if","locations":[{"start":{"line":40,"column":6},"end":{"line":42,"column":null}},{"start":{},"end":{}}],"line":40}},"s":{"0":1,"1":2,"2":2,"3":2,"4":0,"5":1,"6":1,"7":1},"f":{"0":2,"1":1,"2":1},"b":{"0":[0,2]},"meta":{"lastBranch":1,"lastFunction":3,"lastStatement":8,"seen":{"s:35:25:55:Infinity":0,"f:36:9:36:10":0,"s:37:4:45:Infinity":1,"s:38:6:38:Infinity":2,"b:40:6:42:Infinity:undefined:undefined:undefined:undefined":0,"s:40:6:42:Infinity":3,"s:41:8:41:Infinity":4,"s:44:6:44:Infinity":5,"f:48:12:48:13":1,"s:49:4:49:Infinity":6,"f:52:9:52:15":2,"s:53:4:53:Infinity":7}}}
,"/Users/sahil/Projects/lila-ai-web/lib/data-enrichment.ts": {"path":"/Users/sahil/Projects/lila-ai-web/lib/data-enrichment.ts","statementMap":{"0":{"start":{"line":8,"column":2},"end":{"line":8,"column":null}},"1":{"start":{"line":8,"column":28},"end":{"line":8,"column":null}},"2":{"start":{"line":10,"column":28},"end":{"line":39,"column":null}},"3":{"start":{"line":11,"column":4},"end":{"line":11,"column":null}},"4":{"start":{"line":11,"column":46},"end":{"line":11,"column":null}},"5":{"start":{"line":12,"column":28},"end":{"line":14,"column":null}},"6":{"start":{"line":13,"column":30},"end":{"line":13,"column":null}},"7":{"start":{"line":15,"column":4},"end":{"line":15,"column":null}},"8":{"start":{"line":15,"column":38},"end":{"line":15,"column":null}},"9":{"start":{"line":17,"column":41},"end":{"line":20,"column":null}},"10":{"start":{"line":22,"column":4},"end":{"line":38,"column":null}},"11":{"start":{"line":23,"column":25},"end":{"line":28,"column":null}},"12":{"start":{"line":24,"column":40},"end":{"line":27,"column":9}},"13":{"start":{"line":29,"column":6},"end":{"line":37,"column":null}},"14":{"start":{"line":31,"column":26},"end":{"line":31,"column":null}},"15":{"start":{"line":32,"column":10},"end":{"line":36,"column":null}},"16":{"start":{"line":41,"column":25},"end":{"line":96,"column":null}},"17":{"start":{"line":42,"column":4},"end":{"line":42,"column":null}},"18":{"start":{"line":42,"column":38},"end":{"line":42,"column":null}},"19":{"start":{"line":43,"column":25},"end":{"line":43,"column":null}},"20":{"start":{"line":44,"column":5},"end":{"line":53,"column":null}},"21":{"start":{"line":45,"column":20},"end":{"line":45,"column":null}},"22":{"start":{"line":46,"column":6},"end":{"line":52,"column":null}},"23":{"start":{"line":47,"column":8},"end":{"line":51,"column":null}},"24":{"start":{"line":48,"column":10},"end":{"line":50,"column":null}},"25":{"start":{"line":49,"column":12},"end":{"line":49,"column":null}},"26":{"start":{"line":55,"column":31},"end":{"line":55,"column":null}},"27":{"start":{"line":56,"column":4},"end":{"line":56,"column":null}},"28":{"start":{"line":56,"column":41},"end":{"line":56,"column":null}},"29":{"start":{"line":58,"column":44},"end":{"line":61,"column":null}},"30":{"start":{"line":63,"column":4},"end":{"line":65,"column":null}},"31":{"start":{"line":64,"column":6},"end":{"line":64,"column":null}},"32":{"start":{"line":67,"column":4},"end":{"line":95,"column":null}},"33":{"start":{"line":68,"column":32},"end":{"line":77,"column":null}},"34":{"start":{"line":69,"column":34},"end":{"line":76,"column":9}},"35":{"start":{"line":79,"column":7},"end":{"line":94,"column":null}},"36":{"start":{"line":80,"column":22},"end":{"line":80,"column":null}},"37":{"start":{"line":81,"column":8},"end":{"line":93,"column":null}},"38":{"start":{"line":82,"column":10},"end":{"line":92,"column":null}},"39":{"start":{"line":83,"column":12},"end":{"line":91,"column":null}},"40":{"start":{"line":84,"column":30},"end":{"line":84,"column":null}},"41":{"start":{"line":85,"column":14},"end":{"line":90,"column":null}},"42":{"start":{"line":98,"column":2},"end":{"line":98,"column":null}}},"fnMap":{"0":{"name":"enrichRecommendations","decl":{"start":{"line":4,"column":22},"end":{"line":4,"column":null}},"loc":{"start":{"line":7,"column":17},"end":{"line":99,"column":null}},"line":7},"1":{"name":"(anonymous_1)","decl":{"start":{"line":10,"column":28},"end":{"line":10,"column":40}},"loc":{"start":{"line":10,"column":40},"end":{"line":39,"column":null}},"line":10},"2":{"name":"(anonymous_2)","decl":{"start":{"line":13,"column":6},"end":{"line":13,"column":7}},"loc":{"start":{"line":13,"column":30},"end":{"line":13,"column":null}},"line":13},"3":{"name":"(anonymous_3)","decl":{"start":{"line":24,"column":31},"end":{"line":24,"column":32}},"loc":{"start":{"line":24,"column":40},"end":{"line":27,"column":9}},"line":24},"4":{"name":"(anonymous_4)","decl":{"start":{"line":30,"column":48},"end":{"line":30,"column":49}},"loc":{"start":{"line":30,"column":72},"end":{"line":37,"column":9}},"line":30},"5":{"name":"(anonymous_5)","decl":{"start":{"line":41,"column":25},"end":{"line":41,"column":37}},"loc":{"start":{"line":41,"column":37},"end":{"line":96,"column":null}},"line":41},"6":{"name":"(anonymous_6)","decl":{"start":{"line":44,"column":46},"end":{"line":44,"column":47}},"loc":{"start":{"line":44,"column":63},"end":{"line":53,"column":5}},"line":44},"7":{"name":"(anonymous_7)","decl":{"start":{"line":47,"column":22},"end":{"line":47,"column":23}},"loc":{"start":{"line":47,"column":38},"end":{"line":51,"column":9}},"line":47},"8":{"name":"(anonymous_8)","decl":{"start":{"line":48,"column":32},"end":{"line":48,"column":33}},"loc":{"start":{"line":49,"column":12},"end":{"line":49,"column":null}},"line":49},"9":{"name":"(anonymous_9)","decl":{"start":{"line":69,"column":27},"end":{"line":69,"column":28}},"loc":{"start":{"line":69,"column":34},"end":{"line":76,"column":9}},"line":69},"10":{"name":"(anonymous_10)","decl":{"start":{"line":79,"column":48},"end":{"line":79,"column":49}},"loc":{"start":{"line":79,"column":65},"end":{"line":94,"column":7}},"line":79},"11":{"name":"(anonymous_11)","decl":{"start":{"line":82,"column":24},"end":{"line":82,"column":25}},"loc":{"start":{"line":82,"column":40},"end":{"line":92,"column":11}},"line":82},"12":{"name":"(anonymous_12)","decl":{"start":{"line":83,"column":46},"end":{"line":83,"column":47}},"loc":{"start":{"line":83,"column":68},"end":{"line":91,"column":13}},"line":83}},"branchMap":{"0":{"loc":{"start":{"line":8,"column":2},"end":{"line":8,"column":null}},"type":"if","locations":[{"start":{"line":8,"column":2},"end":{"line":8,"column":null}},{"start":{},"end":{}}],"line":8},"1":{"loc":{"start":{"line":11,"column":4},"end":{"line":11,"column":null}},"type":"if","locations":[{"start":{"line":11,"column":4},"end":{"line":11,"column":null}},{"start":{},"end":{}}],"line":11},"2":{"loc":{"start":{"line":15,"column":4},"end":{"line":15,"column":null}},"type":"if","locations":[{"start":{"line":15,"column":4},"end":{"line":15,"column":null}},{"start":{},"end":{}}],"line":15},"3":{"loc":{"start":{"line":22,"column":4},"end":{"line":38,"column":null}},"type":"if","locations":[{"start":{"line":22,"column":4},"end":{"line":38,"column":null}},{"start":{},"end":{}}],"line":22},"4":{"loc":{"start":{"line":34,"column":18},"end":{"line":34,"column":null}},"type":"binary-expr","locations":[{"start":{"line":34,"column":18},"end":{"line":34,"column":35}},{"start":{"line":34,"column":35},"end":{"line":34,"column":null}}],"line":34},"5":{"loc":{"start":{"line":35,"column":23},"end":{"line":35,"column":null}},"type":"binary-expr","locations":[{"start":{"line":35,"column":23},"end":{"line":35,"column":45}},{"start":{"line":35,"column":45},"end":{"line":35,"column":null}}],"line":35},"6":{"loc":{"start":{"line":42,"column":4},"end":{"line":42,"column":null}},"type":"if","locations":[{"start":{"line":42,"column":4},"end":{"line":42,"column":null}},{"start":{},"end":{}}],"line":42},"7":{"loc":{"start":{"line":46,"column":6},"end":{"line":52,"column":null}},"type":"if","locations":[{"start":{"line":46,"column":6},"end":{"line":52,"column":null}},{"start":{},"end":{}}],"line":46},"8":{"loc":{"start":{"line":56,"column":4},"end":{"line":56,"column":null}},"type":"if","locations":[{"start":{"line":56,"column":4},"end":{"line":56,"column":null}},{"start":{},"end":{}}],"line":56},"9":{"loc":{"start":{"line":63,"column":4},"end":{"line":65,"column":null}},"type":"if","locations":[{"start":{"line":63,"column":4},"end":{"line":65,"column":null}},{"start":{},"end":{}}],"line":63},"10":{"loc":{"start":{"line":67,"column":4},"end":{"line":95,"column":null}},"type":"if","locations":[{"start":{"line":67,"column":4},"end":{"line":95,"column":null}},{"start":{},"end":{}}],"line":67},"11":{"loc":{"start":{"line":74,"column":23},"end":{"line":74,"column":null}},"type":"binary-expr","locations":[{"start":{"line":74,"column":23},"end":{"line":74,"column":38}},{"start":{"line":74,"column":38},"end":{"line":74,"column":null}}],"line":74},"12":{"loc":{"start":{"line":81,"column":8},"end":{"line":93,"column":null}},"type":"if","locations":[{"start":{"line":81,"column":8},"end":{"line":93,"column":null}},{"start":{},"end":{}}],"line":81},"13":{"loc":{"start":{"line":87,"column":22},"end":{"line":87,"column":null}},"type":"binary-expr","locations":[{"start":{"line":87,"column":22},"end":{"line":87,"column":39}},{"start":{"line":87,"column":39},"end":{"line":87,"column":null}}],"line":87},"14":{"loc":{"start":{"line":88,"column":23},"end":{"line":88,"column":null}},"type":"binary-expr","locations":[{"start":{"line":88,"column":23},"end":{"line":88,"column":41}},{"start":{"line":88,"column":41},"end":{"line":88,"column":null}}],"line":88},"15":{"loc":{"start":{"line":89,"column":27},"end":{"line":89,"column":null}},"type":"binary-expr","locations":[{"start":{"line":89,"column":27},"end":{"line":89,"column":49}},{"start":{"line":89,"column":49},"end":{"line":89,"column":null}}],"line":89}},"s":{"0":2,"1":0,"2":2,"3":2,"4":1,"5":1,"6":1,"7":1,"8":0,"9":1,"10":1,"11":1,"12":1,"13":1,"14":1,"15":1,"16":2,"17":2,"18":1,"19":1,"20":1,"21":3,"22":3,"23":3,"24":1,"25":1,"26":1,"27":1,"28":0,"29":1,"30":1,"31":0,"32":1,"33":1,"34":1,"35":1,"36":3,"37":3,"38":3,"39":1,"40":1,"41":1,"42":2},"f":{"0":2,"1":2,"2":1,"3":1,"4":1,"5":2,"6":3,"7":1,"8":1,"9":1,"10":3,"11":1,"12":1},"b":{"0":[0,2],"1":[1,1],"2":[0,1],"3":[1,0],"4":[1,0],"5":[1,0],"6":[1,1],"7":[3,0],"8":[0,1],"9":[0,1],"10":[1,0],"11":[1,0],"12":[3,0],"13":[1,0],"14":[1,0],"15":[1,0]},"meta":{"lastBranch":16,"lastFunction":13,"lastStatement":43,"seen":{"f:4:22:4:Infinity":0,"b:8:2:8:Infinity:undefined:undefined:undefined:undefined":0,"s:8:2:8:Infinity":0,"s:8:28:8:Infinity":1,"s:10:28:39:Infinity":2,"f:10:28:10:40":1,"b:11:4:11:Infinity:undefined:undefined:undefined:undefined":1,"s:11:4:11:Infinity":3,"s:11:46:11:Infinity":4,"s:12:28:14:Infinity":5,"f:13:6:13:7":2,"s:13:30:13:Infinity":6,"b:15:4:15:Infinity:undefined:undefined:undefined:undefined":2,"s:15:4:15:Infinity":7,"s:15:38:15:Infinity":8,"s:17:41:20:Infinity":9,"b:22:4:38:Infinity:undefined:undefined:undefined:undefined":3,"s:22:4:38:Infinity":10,"s:23:25:28:Infinity":11,"f:24:31:24:32":3,"s:24:40:27:9":12,"s:29:6:37:Infinity":13,"f:30:48:30:49":4,"s:31:26:31:Infinity":14,"s:32:10:36:Infinity":15,"b:34:18:34:35:34:35:34:Infinity":4,"b:35:23:35:45:35:45:35:Infinity":5,"s:41:25:96:Infinity":16,"f:41:25:41:37":5,"b:42:4:42:Infinity:undefined:undefined:undefined:undefined":6,"s:42:4:42:Infinity":17,"s:42:38:42:Infinity":18,"s:43:25:43:Infinity":19,"s:44:5:53:Infinity":20,"f:44:46:44:47":6,"s:45:20:45:Infinity":21,"b:46:6:52:Infinity:undefined:undefined:undefined:undefined":7,"s:46:6:52:Infinity":22,"s:47:8:51:Infinity":23,"f:47:22:47:23":7,"s:48:10:50:Infinity":24,"f:48:32:48:33":8,"s:49:12:49:Infinity":25,"s:55:31:55:Infinity":26,"b:56:4:56:Infinity:undefined:undefined:undefined:undefined":8,"s:56:4:56:Infinity":27,"s:56:41:56:Infinity":28,"s:58:44:61:Infinity":29,"b:63:4:65:Infinity:undefined:undefined:undefined:undefined":9,"s:63:4:65:Infinity":30,"s:64:6:64:Infinity":31,"b:67:4:95:Infinity:undefined:undefined:undefined:undefined":10,"s:67:4:95:Infinity":32,"s:68:32:77:Infinity":33,"f:69:27:69:28":9,"s:69:34:76:9":34,"b:74:23:74:38:74:38:74:Infinity":11,"s:79:7:94:Infinity":35,"f:79:48:79:49":10,"s:80:22:80:Infinity":36,"b:81:8:93:Infinity:undefined:undefined:undefined:undefined":12,"s:81:8:93:Infinity":37,"s:82:10:92:Infinity":38,"f:82:24:82:25":11,"s:83:12:91:Infinity":39,"f:83:46:83:47":12,"s:84:30:84:Infinity":40,"s:85:14:90:Infinity":41,"b:87:22:87:39:87:39:87:Infinity":13,"b:88:23:88:41:88:41:88:Infinity":14,"b:89:27:89:49:89:49:89:Infinity":15,"s:98:2:98:Infinity":42}}}
,"/Users/sahil/Projects/lila-ai-web/lib/utils.ts": {"path":"/Users/sahil/Projects/lila-ai-web/lib/utils.ts","statementMap":{"0":{"start":{"line":5,"column":2},"end":{"line":5,"column":null}},"1":{"start":{"line":15,"column":8},"end":{"line":15,"column":null}},"2":{"start":{"line":17,"column":15},"end":{"line":17,"column":null}},"3":{"start":{"line":19,"column":21},"end":{"line":19,"column":null}},"4":{"start":{"line":23,"column":4},"end":{"line":31,"column":null}},"5":{"start":{"line":24,"column":8},"end":{"line":24,"column":null}},"6":{"start":{"line":25,"column":8},"end":{"line":25,"column":null}},"7":{"start":{"line":26,"column":8},"end":{"line":26,"column":null}},"8":{"start":{"line":28,"column":8},"end":{"line":28,"column":null}},"9":{"start":{"line":29,"column":8},"end":{"line":29,"column":null}},"10":{"start":{"line":30,"column":8},"end":{"line":30,"column":null}},"11":{"start":{"line":34,"column":18},"end":{"line":34,"column":null}},"12":{"start":{"line":35,"column":16},"end":{"line":35,"column":null}},"13":{"start":{"line":36,"column":17},"end":{"line":36,"column":null}},"14":{"start":{"line":38,"column":4},"end":{"line":38,"column":null}}},"fnMap":{"0":{"name":"cn","decl":{"start":{"line":4,"column":16},"end":{"line":4,"column":22}},"loc":{"start":{"line":4,"column":44},"end":{"line":6,"column":null}},"line":4},"1":{"name":"getEulerAngles","decl":{"start":{"line":9,"column":16},"end":{"line":9,"column":31}},"loc":{"start":{"line":9,"column":95},"end":{"line":39,"column":null}},"line":9}},"branchMap":{"0":{"loc":{"start":{"line":23,"column":4},"end":{"line":31,"column":null}},"type":"if","locations":[{"start":{"line":23,"column":4},"end":{"line":31,"column":null}},{"start":{"line":27,"column":11},"end":{"line":31,"column":null}}],"line":23}},"s":{"0":6,"1":2,"2":2,"3":2,"4":2,"5":2,"6":2,"7":2,"8":0,"9":0,"10":0,"11":2,"12":2,"13":2,"14":2},"f":{"0":6,"1":2},"b":{"0":[2,0]},"meta":{"lastBranch":1,"lastFunction":2,"lastStatement":15,"seen":{"f:4:16:4:22":0,"s:5:2:5:Infinity":0,"f:9:16:9:31":1,"s:15:8:15:Infinity":1,"s:17:15:17:Infinity":2,"s:19:21:19:Infinity":3,"b:23:4:31:Infinity:27:11:31:Infinity":0,"s:23:4:31:Infinity":4,"s:24:8:24:Infinity":5,"s:25:8:25:Infinity":6,"s:26:8:26:Infinity":7,"s:28:8:28:Infinity":8,"s:29:8:29:Infinity":9,"s:30:8:30:Infinity":10,"s:34:18:34:Infinity":11,"s:35:16:35:Infinity":12,"s:36:17:36:Infinity":13,"s:38:4:38:Infinity":14}}}
}
