{"/Users/sahil/Projects/lila-ai-web/app/admin/products/schemas.ts": {"path":"/Users/sahil/Projects/lila-ai-web/app/admin/products/schemas.ts","statementMap":{"0":{"start":{"line":3,"column":29},"end":{"line":17,"column":null}}},"fnMap":{},"branchMap":{},"s":{"0":1},"f":{},"b":{},"meta":{"lastBranch":0,"lastFunction":0,"lastStatement":1,"seen":{"s:3:29:17:Infinity":0}}}
,"/Users/sahil/Projects/lila-ai-web/components/ui/section-header.tsx": {"path":"/Users/sahil/Projects/lila-ai-web/components/ui/section-header.tsx","statementMap":{"0":{"start":{"line":7,"column":2},"end":{"line":11,"column":null}}},"fnMap":{"0":{"name":"SectionHeader","decl":{"start":{"line":6,"column":16},"end":{"line":6,"column":30}},"loc":{"start":{"line":6,"column":71},"end":{"line":13,"column":null}},"line":6}},"branchMap":{"0":{"loc":{"start":{"line":10,"column":9},"end":{"line":10,"column":null}},"type":"binary-expr","locations":[{"start":{"line":10,"column":9},"end":{"line":10,"column":21}},{"start":{"line":10,"column":21},"end":{"line":10,"column":null}}],"line":10}},"s":{"0":1},"f":{"0":1},"b":{"0":[1,1]},"meta":{"lastBranch":1,"lastFunction":1,"lastStatement":1,"seen":{"f:6:16:6:30":0,"s:7:2:11:Infinity":0,"b:10:9:10:21:10:21:10:Infinity":0}}}
,"/Users/sahil/Projects/lila-ai-web/components/ui/selection-button.tsx": {"path":"/Users/sahil/Projects/lila-ai-web/components/ui/selection-button.tsx","statementMap":{"0":{"start":{"line":6,"column":21},"end":{"line":9,"column":null}},"1":{"start":{"line":26,"column":2},"end":{"line":39,"column":null}}},"fnMap":{"0":{"name":"SelectionButton","decl":{"start":{"line":19,"column":16},"end":{"line":19,"column":32}},"loc":{"start":{"line":25,"column":25},"end":{"line":41,"column":null}},"line":25}},"branchMap":{"0":{"loc":{"start":{"line":31,"column":12},"end":{"line":31,"column":null}},"type":"cond-expr","locations":[{"start":{"line":31,"column":23},"end":{"line":31,"column":51}},{"start":{"line":31,"column":51},"end":{"line":31,"column":null}}],"line":31},"1":{"loc":{"start":{"line":32,"column":12},"end":{"line":32,"column":null}},"type":"cond-expr","locations":[{"start":{"line":32,"column":23},"end":{"line":32,"column":37}},{"start":{"line":32,"column":37},"end":{"line":32,"column":null}}],"line":32},"2":{"loc":{"start":{"line":36,"column":9},"end":{"line":36,"column":null}},"type":"binary-expr","locations":[{"start":{"line":36,"column":9},"end":{"line":36,"column":17}},{"start":{"line":36,"column":17},"end":{"line":36,"column":null}}],"line":36},"3":{"loc":{"start":{"line":38,"column":9},"end":{"line":38,"column":null}},"type":"binary-expr","locations":[{"start":{"line":38,"column":9},"end":{"line":38,"column":21}},{"start":{"line":38,"column":21},"end":{"line":38,"column":null}}],"line":38}},"s":{"0":1,"1":3},"f":{"0":3},"b":{"0":[1,2],"1":[1,2],"2":[3,0],"3":[3,1]},"meta":{"lastBranch":4,"lastFunction":1,"lastStatement":2,"seen":{"s:6:21:9:Infinity":0,"f:19:16:19:32":0,"s:26:2:39:Infinity":1,"b:31:23:31:51:31:51:31:Infinity":0,"b:32:23:32:37:32:37:32:Infinity":1,"b:36:9:36:17:36:17:36:Infinity":2,"b:38:9:38:21:38:21:38:Infinity":3}}}
,"/Users/sahil/Projects/lila-ai-web/lib/analytics.ts": {"path":"/Users/sahil/Projects/lila-ai-web/lib/analytics.ts","statementMap":{"0":{"start":{"line":35,"column":25},"end":{"line":55,"column":null}},"1":{"start":{"line":37,"column":4},"end":{"line":45,"column":null}},"2":{"start":{"line":38,"column":6},"end":{"line":38,"column":null}},"3":{"start":{"line":40,"column":6},"end":{"line":42,"column":null}},"4":{"start":{"line":41,"column":8},"end":{"line":41,"column":null}},"5":{"start":{"line":44,"column":6},"end":{"line":44,"column":null}},"6":{"start":{"line":49,"column":4},"end":{"line":49,"column":null}},"7":{"start":{"line":53,"column":4},"end":{"line":53,"column":null}}},"fnMap":{"0":{"name":"(anonymous_0)","decl":{"start":{"line":36,"column":9},"end":{"line":36,"column":10}},"loc":{"start":{"line":36,"column":65},"end":{"line":46,"column":null}},"line":36},"1":{"name":"(anonymous_1)","decl":{"start":{"line":48,"column":12},"end":{"line":48,"column":13}},"loc":{"start":{"line":48,"column":66},"end":{"line":50,"column":null}},"line":48},"2":{"name":"(anonymous_2)","decl":{"start":{"line":52,"column":9},"end":{"line":52,"column":15}},"loc":{"start":{"line":52,"column":15},"end":{"line":54,"column":null}},"line":52}},"branchMap":{"0":{"loc":{"start":{"line":40,"column":6},"end":{"line":42,"column":null}},"type":"if","locations":[{"start":{"line":40,"column":6},"end":{"line":42,"column":null}},{"start":{},"end":{}}],"line":40}},"s":{"0":1,"1":2,"2":2,"3":2,"4":0,"5":1,"6":1,"7":1},"f":{"0":2,"1":1,"2":1},"b":{"0":[0,2]},"meta":{"lastBranch":1,"lastFunction":3,"lastStatement":8,"seen":{"s:35:25:55:Infinity":0,"f:36:9:36:10":0,"s:37:4:45:Infinity":1,"s:38:6:38:Infinity":2,"b:40:6:42:Infinity:undefined:undefined:undefined:undefined":0,"s:40:6:42:Infinity":3,"s:41:8:41:Infinity":4,"s:44:6:44:Infinity":5,"f:48:12:48:13":1,"s:49:4:49:Infinity":6,"f:52:9:52:15":2,"s:53:4:53:Infinity":7}}}
,"/Users/sahil/Projects/lila-ai-web/lib/data-enrichment.ts": {"path":"/Users/sahil/Projects/lila-ai-web/lib/data-enrichment.ts","statementMap":{"0":{"start":{"line":8,"column":2},"end":{"line":8,"column":null}},"1":{"start":{"line":8,"column":28},"end":{"line":8,"column":null}},"2":{"start":{"line":10,"column":28},"end":{"line":39,"column":null}},"3":{"start":{"line":11,"column":4},"end":{"line":11,"column":null}},"4":{"start":{"line":11,"column":46},"end":{"line":11,"column":null}},"5":{"start":{"line":12,"column":28},"end":{"line":14,"column":null}},"6":{"start":{"line":13,"column":30},"end":{"line":13,"column":null}},"7":{"start":{"line":15,"column":4},"end":{"line":15,"column":null}},"8":{"start":{"line":15,"column":38},"end":{"line":15,"column":null}},"9":{"start":{"line":17,"column":41},"end":{"line":20,"column":null}},"10":{"start":{"line":22,"column":4},"end":{"line":38,"column":null}},"11":{"start":{"line":23,"column":25},"end":{"line":28,"column":null}},"12":{"start":{"line":24,"column":40},"end":{"line":27,"column":9}},"13":{"start":{"line":29,"column":6},"end":{"line":37,"column":null}},"14":{"start":{"line":31,"column":26},"end":{"line":31,"column":null}},"15":{"start":{"line":32,"column":10},"end":{"line":36,"column":null}},"16":{"start":{"line":41,"column":25},"end":{"line":96,"column":null}},"17":{"start":{"line":42,"column":4},"end":{"line":42,"column":null}},"18":{"start":{"line":42,"column":38},"end":{"line":42,"column":null}},"19":{"start":{"line":43,"column":25},"end":{"line":43,"column":null}},"20":{"start":{"line":44,"column":5},"end":{"line":53,"column":null}},"21":{"start":{"line":45,"column":20},"end":{"line":45,"column":null}},"22":{"start":{"line":46,"column":6},"end":{"line":52,"column":null}},"23":{"start":{"line":47,"column":8},"end":{"line":51,"column":null}},"24":{"start":{"line":48,"column":10},"end":{"line":50,"column":null}},"25":{"start":{"line":49,"column":12},"end":{"line":49,"column":null}},"26":{"start":{"line":55,"column":31},"end":{"line":55,"column":null}},"27":{"start":{"line":56,"column":4},"end":{"line":56,"column":null}},"28":{"start":{"line":56,"column":41},"end":{"line":56,"column":null}},"29":{"start":{"line":58,"column":44},"end":{"line":61,"column":null}},"30":{"start":{"line":63,"column":4},"end":{"line":65,"column":null}},"31":{"start":{"line":64,"column":6},"end":{"line":64,"column":null}},"32":{"start":{"line":67,"column":4},"end":{"line":95,"column":null}},"33":{"start":{"line":68,"column":32},"end":{"line":77,"column":null}},"34":{"start":{"line":69,"column":34},"end":{"line":76,"column":9}},"35":{"start":{"line":79,"column":7},"end":{"line":94,"column":null}},"36":{"start":{"line":80,"column":22},"end":{"line":80,"column":null}},"37":{"start":{"line":81,"column":8},"end":{"line":93,"column":null}},"38":{"start":{"line":82,"column":10},"end":{"line":92,"column":null}},"39":{"start":{"line":83,"column":12},"end":{"line":91,"column":null}},"40":{"start":{"line":84,"column":30},"end":{"line":84,"column":null}},"41":{"start":{"line":85,"column":14},"end":{"line":90,"column":null}},"42":{"start":{"line":98,"column":2},"end":{"line":98,"column":null}}},"fnMap":{"0":{"name":"enrichRecommendations","decl":{"start":{"line":4,"column":22},"end":{"line":4,"column":null}},"loc":{"start":{"line":7,"column":17},"end":{"line":99,"column":null}},"line":7},"1":{"name":"(anonymous_1)","decl":{"start":{"line":10,"column":28},"end":{"line":10,"column":40}},"loc":{"start":{"line":10,"column":40},"end":{"line":39,"column":null}},"line":10},"2":{"name":"(anonymous_2)","decl":{"start":{"line":13,"column":6},"end":{"line":13,"column":7}},"loc":{"start":{"line":13,"column":30},"end":{"line":13,"column":null}},"line":13},"3":{"name":"(anonymous_3)","decl":{"start":{"line":24,"column":31},"end":{"line":24,"column":32}},"loc":{"start":{"line":24,"column":40},"end":{"line":27,"column":9}},"line":24},"4":{"name":"(anonymous_4)","decl":{"start":{"line":30,"column":48},"end":{"line":30,"column":49}},"loc":{"start":{"line":30,"column":72},"end":{"line":37,"column":9}},"line":30},"5":{"name":"(anonymous_5)","decl":{"start":{"line":41,"column":25},"end":{"line":41,"column":37}},"loc":{"start":{"line":41,"column":37},"end":{"line":96,"column":null}},"line":41},"6":{"name":"(anonymous_6)","decl":{"start":{"line":44,"column":46},"end":{"line":44,"column":47}},"loc":{"start":{"line":44,"column":63},"end":{"line":53,"column":5}},"line":44},"7":{"name":"(anonymous_7)","decl":{"start":{"line":47,"column":22},"end":{"line":47,"column":23}},"loc":{"start":{"line":47,"column":38},"end":{"line":51,"column":9}},"line":47},"8":{"name":"(anonymous_8)","decl":{"start":{"line":48,"column":32},"end":{"line":48,"column":33}},"loc":{"start":{"line":49,"column":12},"end":{"line":49,"column":null}},"line":49},"9":{"name":"(anonymous_9)","decl":{"start":{"line":69,"column":27},"end":{"line":69,"column":28}},"loc":{"start":{"line":69,"column":34},"end":{"line":76,"column":9}},"line":69},"10":{"name":"(anonymous_10)","decl":{"start":{"line":79,"column":48},"end":{"line":79,"column":49}},"loc":{"start":{"line":79,"column":65},"end":{"line":94,"column":7}},"line":79},"11":{"name":"(anonymous_11)","decl":{"start":{"line":82,"column":24},"end":{"line":82,"column":25}},"loc":{"start":{"line":82,"column":40},"end":{"line":92,"column":11}},"line":82},"12":{"name":"(anonymous_12)","decl":{"start":{"line":83,"column":46},"end":{"line":83,"column":47}},"loc":{"start":{"line":83,"column":68},"end":{"line":91,"column":13}},"line":83}},"branchMap":{"0":{"loc":{"start":{"line":8,"column":2},"end":{"line":8,"column":null}},"type":"if","locations":[{"start":{"line":8,"column":2},"end":{"line":8,"column":null}},{"start":{},"end":{}}],"line":8},"1":{"loc":{"start":{"line":11,"column":4},"end":{"line":11,"column":null}},"type":"if","locations":[{"start":{"line":11,"column":4},"end":{"line":11,"column":null}},{"start":{},"end":{}}],"line":11},"2":{"loc":{"start":{"line":15,"column":4},"end":{"line":15,"column":null}},"type":"if","locations":[{"start":{"line":15,"column":4},"end":{"line":15,"column":null}},{"start":{},"end":{}}],"line":15},"3":{"loc":{"start":{"line":22,"column":4},"end":{"line":38,"column":null}},"type":"if","locations":[{"start":{"line":22,"column":4},"end":{"line":38,"column":null}},{"start":{},"end":{}}],"line":22},"4":{"loc":{"start":{"line":34,"column":18},"end":{"line":34,"column":null}},"type":"binary-expr","locations":[{"start":{"line":34,"column":18},"end":{"line":34,"column":35}},{"start":{"line":34,"column":35},"end":{"line":34,"column":null}}],"line":34},"5":{"loc":{"start":{"line":35,"column":23},"end":{"line":35,"column":null}},"type":"binary-expr","locations":[{"start":{"line":35,"column":23},"end":{"line":35,"column":45}},{"start":{"line":35,"column":45},"end":{"line":35,"column":null}}],"line":35},"6":{"loc":{"start":{"line":42,"column":4},"end":{"line":42,"column":null}},"type":"if","locations":[{"start":{"line":42,"column":4},"end":{"line":42,"column":null}},{"start":{},"end":{}}],"line":42},"7":{"loc":{"start":{"line":46,"column":6},"end":{"line":52,"column":null}},"type":"if","locations":[{"start":{"line":46,"column":6},"end":{"line":52,"column":null}},{"start":{},"end":{}}],"line":46},"8":{"loc":{"start":{"line":56,"column":4},"end":{"line":56,"column":null}},"type":"if","locations":[{"start":{"line":56,"column":4},"end":{"line":56,"column":null}},{"start":{},"end":{}}],"line":56},"9":{"loc":{"start":{"line":63,"column":4},"end":{"line":65,"column":null}},"type":"if","locations":[{"start":{"line":63,"column":4},"end":{"line":65,"column":null}},{"start":{},"end":{}}],"line":63},"10":{"loc":{"start":{"line":67,"column":4},"end":{"line":95,"column":null}},"type":"if","locations":[{"start":{"line":67,"column":4},"end":{"line":95,"column":null}},{"start":{},"end":{}}],"line":67},"11":{"loc":{"start":{"line":74,"column":23},"end":{"line":74,"column":null}},"type":"binary-expr","locations":[{"start":{"line":74,"column":23},"end":{"line":74,"column":38}},{"start":{"line":74,"column":38},"end":{"line":74,"column":null}}],"line":74},"12":{"loc":{"start":{"line":81,"column":8},"end":{"line":93,"column":null}},"type":"if","locations":[{"start":{"line":81,"column":8},"end":{"line":93,"column":null}},{"start":{},"end":{}}],"line":81},"13":{"loc":{"start":{"line":87,"column":22},"end":{"line":87,"column":null}},"type":"binary-expr","locations":[{"start":{"line":87,"column":22},"end":{"line":87,"column":39}},{"start":{"line":87,"column":39},"end":{"line":87,"column":null}}],"line":87},"14":{"loc":{"start":{"line":88,"column":23},"end":{"line":88,"column":null}},"type":"binary-expr","locations":[{"start":{"line":88,"column":23},"end":{"line":88,"column":41}},{"start":{"line":88,"column":41},"end":{"line":88,"column":null}}],"line":88},"15":{"loc":{"start":{"line":89,"column":27},"end":{"line":89,"column":null}},"type":"binary-expr","locations":[{"start":{"line":89,"column":27},"end":{"line":89,"column":49}},{"start":{"line":89,"column":49},"end":{"line":89,"column":null}}],"line":89}},"s":{"0":2,"1":0,"2":2,"3":2,"4":1,"5":1,"6":1,"7":1,"8":0,"9":1,"10":1,"11":1,"12":1,"13":1,"14":1,"15":1,"16":2,"17":2,"18":1,"19":1,"20":1,"21":3,"22":3,"23":3,"24":1,"25":1,"26":1,"27":1,"28":0,"29":1,"30":1,"31":0,"32":1,"33":1,"34":1,"35":1,"36":3,"37":3,"38":3,"39":1,"40":1,"41":1,"42":2},"f":{"0":2,"1":2,"2":1,"3":1,"4":1,"5":2,"6":3,"7":1,"8":1,"9":1,"10":3,"11":1,"12":1},"b":{"0":[0,2],"1":[1,1],"2":[0,1],"3":[1,0],"4":[1,0],"5":[1,0],"6":[1,1],"7":[3,0],"8":[0,1],"9":[0,1],"10":[1,0],"11":[1,0],"12":[3,0],"13":[1,0],"14":[1,0],"15":[1,0]},"meta":{"lastBranch":16,"lastFunction":13,"lastStatement":43,"seen":{"f:4:22:4:Infinity":0,"b:8:2:8:Infinity:undefined:undefined:undefined:undefined":0,"s:8:2:8:Infinity":0,"s:8:28:8:Infinity":1,"s:10:28:39:Infinity":2,"f:10:28:10:40":1,"b:11:4:11:Infinity:undefined:undefined:undefined:undefined":1,"s:11:4:11:Infinity":3,"s:11:46:11:Infinity":4,"s:12:28:14:Infinity":5,"f:13:6:13:7":2,"s:13:30:13:Infinity":6,"b:15:4:15:Infinity:undefined:undefined:undefined:undefined":2,"s:15:4:15:Infinity":7,"s:15:38:15:Infinity":8,"s:17:41:20:Infinity":9,"b:22:4:38:Infinity:undefined:undefined:undefined:undefined":3,"s:22:4:38:Infinity":10,"s:23:25:28:Infinity":11,"f:24:31:24:32":3,"s:24:40:27:9":12,"s:29:6:37:Infinity":13,"f:30:48:30:49":4,"s:31:26:31:Infinity":14,"s:32:10:36:Infinity":15,"b:34:18:34:35:34:35:34:Infinity":4,"b:35:23:35:45:35:45:35:Infinity":5,"s:41:25:96:Infinity":16,"f:41:25:41:37":5,"b:42:4:42:Infinity:undefined:undefined:undefined:undefined":6,"s:42:4:42:Infinity":17,"s:42:38:42:Infinity":18,"s:43:25:43:Infinity":19,"s:44:5:53:Infinity":20,"f:44:46:44:47":6,"s:45:20:45:Infinity":21,"b:46:6:52:Infinity:undefined:undefined:undefined:undefined":7,"s:46:6:52:Infinity":22,"s:47:8:51:Infinity":23,"f:47:22:47:23":7,"s:48:10:50:Infinity":24,"f:48:32:48:33":8,"s:49:12:49:Infinity":25,"s:55:31:55:Infinity":26,"b:56:4:56:Infinity:undefined:undefined:undefined:undefined":8,"s:56:4:56:Infinity":27,"s:56:41:56:Infinity":28,"s:58:44:61:Infinity":29,"b:63:4:65:Infinity:undefined:undefined:undefined:undefined":9,"s:63:4:65:Infinity":30,"s:64:6:64:Infinity":31,"b:67:4:95:Infinity:undefined:undefined:undefined:undefined":10,"s:67:4:95:Infinity":32,"s:68:32:77:Infinity":33,"f:69:27:69:28":9,"s:69:34:76:9":34,"b:74:23:74:38:74:38:74:Infinity":11,"s:79:7:94:Infinity":35,"f:79:48:79:49":10,"s:80:22:80:Infinity":36,"b:81:8:93:Infinity:undefined:undefined:undefined:undefined":12,"s:81:8:93:Infinity":37,"s:82:10:92:Infinity":38,"f:82:24:82:25":11,"s:83:12:91:Infinity":39,"f:83:46:83:47":12,"s:84:30:84:Infinity":40,"s:85:14:90:Infinity":41,"b:87:22:87:39:87:39:87:Infinity":13,"b:88:23:88:41:88:41:88:Infinity":14,"b:89:27:89:49:89:49:89:Infinity":15,"s:98:2:98:Infinity":42}}}
,"/Users/sahil/Projects/lila-ai-web/lib/poseValidation.ts": {"path":"/Users/sahil/Projects/lila-ai-web/lib/poseValidation.ts","statementMap":{"0":{"start":{"line":57,"column":16},"end":{"line":57,"column":null}},"1":{"start":{"line":58,"column":16},"end":{"line":58,"column":null}},"2":{"start":{"line":61,"column":18},"end":{"line":61,"column":null}},"3":{"start":{"line":62,"column":20},"end":{"line":62,"column":null}},"4":{"start":{"line":63,"column":19},"end":{"line":63,"column":null}},"5":{"start":{"line":66,"column":2},"end":{"line":70,"column":null}},"6":{"start":{"line":67,"column":4},"end":{"line":67,"column":null}},"7":{"start":{"line":68,"column":4},"end":{"line":68,"column":null}},"8":{"start":{"line":69,"column":4},"end":{"line":69,"column":null}},"9":{"start":{"line":73,"column":2},"end":{"line":124,"column":null}},"10":{"start":{"line":75,"column":6},"end":{"line":81,"column":null}},"11":{"start":{"line":76,"column":8},"end":{"line":76,"column":null}},"12":{"start":{"line":77,"column":8},"end":{"line":77,"column":null}},"13":{"start":{"line":78,"column":6},"end":{"line":81,"column":null}},"14":{"start":{"line":79,"column":8},"end":{"line":79,"column":null}},"15":{"start":{"line":80,"column":8},"end":{"line":80,"column":null}},"16":{"start":{"line":82,"column":6},"end":{"line":82,"column":null}},"17":{"start":{"line":85,"column":6},"end":{"line":88,"column":null}},"18":{"start":{"line":86,"column":8},"end":{"line":86,"column":null}},"19":{"start":{"line":87,"column":8},"end":{"line":87,"column":null}},"20":{"start":{"line":89,"column":6},"end":{"line":89,"column":null}},"21":{"start":{"line":92,"column":6},"end":{"line":95,"column":null}},"22":{"start":{"line":93,"column":8},"end":{"line":93,"column":null}},"23":{"start":{"line":94,"column":8},"end":{"line":94,"column":null}},"24":{"start":{"line":96,"column":6},"end":{"line":96,"column":null}},"25":{"start":{"line":99,"column":6},"end":{"line":102,"column":null}},"26":{"start":{"line":100,"column":8},"end":{"line":100,"column":null}},"27":{"start":{"line":101,"column":8},"end":{"line":101,"column":null}},"28":{"start":{"line":103,"column":6},"end":{"line":103,"column":null}},"29":{"start":{"line":106,"column":6},"end":{"line":109,"column":null}},"30":{"start":{"line":107,"column":8},"end":{"line":107,"column":null}},"31":{"start":{"line":108,"column":8},"end":{"line":108,"column":null}},"32":{"start":{"line":110,"column":6},"end":{"line":110,"column":null}},"33":{"start":{"line":113,"column":6},"end":{"line":122,"column":null}},"34":{"start":{"line":114,"column":8},"end":{"line":114,"column":null}},"35":{"start":{"line":115,"column":8},"end":{"line":115,"column":null}},"36":{"start":{"line":116,"column":6},"end":{"line":122,"column":null}},"37":{"start":{"line":117,"column":8},"end":{"line":117,"column":null}},"38":{"start":{"line":118,"column":8},"end":{"line":118,"column":null}},"39":{"start":{"line":119,"column":6},"end":{"line":122,"column":null}},"40":{"start":{"line":120,"column":8},"end":{"line":120,"column":null}},"41":{"start":{"line":121,"column":8},"end":{"line":121,"column":null}},"42":{"start":{"line":123,"column":6},"end":{"line":123,"column":null}},"43":{"start":{"line":126,"column":2},"end":{"line":126,"column":null}},"44":{"start":{"line":148,"column":23},"end":{"line":148,"column":null}},"45":{"start":{"line":150,"column":2},"end":{"line":155,"column":null}},"46":{"start":{"line":151,"column":4},"end":{"line":154,"column":null}},"47":{"start":{"line":157,"column":2},"end":{"line":157,"column":null}}},"fnMap":{"0":{"name":"validatePose","decl":{"start":{"line":50,"column":16},"end":{"line":50,"column":null}},"loc":{"start":{"line":56,"column":20},"end":{"line":127,"column":null}},"line":56},"1":{"name":"validateDistance","decl":{"start":{"line":143,"column":16},"end":{"line":143,"column":null}},"loc":{"start":{"line":147,"column":20},"end":{"line":158,"column":null}},"line":147}},"branchMap":{"0":{"loc":{"start":{"line":54,"column":2},"end":{"line":54,"column":null}},"type":"default-arg","locations":[{"start":{"line":54,"column":22},"end":{"line":54,"column":null}}],"line":54},"1":{"loc":{"start":{"line":55,"column":2},"end":{"line":55,"column":null}},"type":"default-arg","locations":[{"start":{"line":55,"column":27},"end":{"line":55,"column":null}}],"line":55},"2":{"loc":{"start":{"line":66,"column":2},"end":{"line":70,"column":null}},"type":"if","locations":[{"start":{"line":66,"column":2},"end":{"line":70,"column":null}},{"start":{},"end":{}}],"line":66},"3":{"loc":{"start":{"line":73,"column":2},"end":{"line":124,"column":null}},"type":"switch","locations":[{"start":{"line":74,"column":4},"end":{"line":82,"column":null}},{"start":{"line":84,"column":4},"end":{"line":89,"column":null}},{"start":{"line":91,"column":4},"end":{"line":96,"column":null}},{"start":{"line":98,"column":4},"end":{"line":103,"column":null}},{"start":{"line":105,"column":4},"end":{"line":110,"column":null}},{"start":{"line":112,"column":4},"end":{"line":123,"column":null}}],"line":73},"4":{"loc":{"start":{"line":75,"column":6},"end":{"line":81,"column":null}},"type":"if","locations":[{"start":{"line":75,"column":6},"end":{"line":81,"column":null}},{"start":{"line":78,"column":6},"end":{"line":81,"column":null}}],"line":75},"5":{"loc":{"start":{"line":76,"column":18},"end":{"line":76,"column":null}},"type":"cond-expr","locations":[{"start":{"line":76,"column":32},"end":{"line":76,"column":47}},{"start":{"line":76,"column":47},"end":{"line":76,"column":null}}],"line":76},"6":{"loc":{"start":{"line":78,"column":6},"end":{"line":81,"column":null}},"type":"if","locations":[{"start":{"line":78,"column":6},"end":{"line":81,"column":null}},{"start":{},"end":{}}],"line":78},"7":{"loc":{"start":{"line":79,"column":18},"end":{"line":79,"column":null}},"type":"cond-expr","locations":[{"start":{"line":79,"column":34},"end":{"line":79,"column":46}},{"start":{"line":79,"column":46},"end":{"line":79,"column":null}}],"line":79},"8":{"loc":{"start":{"line":85,"column":6},"end":{"line":88,"column":null}},"type":"if","locations":[{"start":{"line":85,"column":6},"end":{"line":88,"column":null}},{"start":{},"end":{}}],"line":85},"9":{"loc":{"start":{"line":86,"column":18},"end":{"line":86,"column":null}},"type":"cond-expr","locations":[{"start":{"line":86,"column":32},"end":{"line":86,"column":46}},{"start":{"line":86,"column":46},"end":{"line":86,"column":null}}],"line":86},"10":{"loc":{"start":{"line":92,"column":6},"end":{"line":95,"column":null}},"type":"if","locations":[{"start":{"line":92,"column":6},"end":{"line":95,"column":null}},{"start":{},"end":{}}],"line":92},"11":{"loc":{"start":{"line":93,"column":18},"end":{"line":93,"column":null}},"type":"cond-expr","locations":[{"start":{"line":93,"column":32},"end":{"line":93,"column":47}},{"start":{"line":93,"column":47},"end":{"line":93,"column":null}}],"line":93},"12":{"loc":{"start":{"line":99,"column":6},"end":{"line":102,"column":null}},"type":"if","locations":[{"start":{"line":99,"column":6},"end":{"line":102,"column":null}},{"start":{},"end":{}}],"line":99},"13":{"loc":{"start":{"line":100,"column":18},"end":{"line":100,"column":null}},"type":"cond-expr","locations":[{"start":{"line":100,"column":34},"end":{"line":100,"column":46}},{"start":{"line":100,"column":46},"end":{"line":100,"column":null}}],"line":100},"14":{"loc":{"start":{"line":106,"column":6},"end":{"line":109,"column":null}},"type":"if","locations":[{"start":{"line":106,"column":6},"end":{"line":109,"column":null}},{"start":{},"end":{}}],"line":106},"15":{"loc":{"start":{"line":107,"column":18},"end":{"line":107,"column":null}},"type":"cond-expr","locations":[{"start":{"line":107,"column":34},"end":{"line":107,"column":48}},{"start":{"line":107,"column":48},"end":{"line":107,"column":null}}],"line":107},"16":{"loc":{"start":{"line":113,"column":6},"end":{"line":122,"column":null}},"type":"if","locations":[{"start":{"line":113,"column":6},"end":{"line":122,"column":null}},{"start":{"line":116,"column":6},"end":{"line":122,"column":null}}],"line":113},"17":{"loc":{"start":{"line":114,"column":18},"end":{"line":114,"column":null}},"type":"cond-expr","locations":[{"start":{"line":114,"column":32},"end":{"line":114,"column":47}},{"start":{"line":114,"column":47},"end":{"line":114,"column":null}}],"line":114},"18":{"loc":{"start":{"line":116,"column":6},"end":{"line":122,"column":null}},"type":"if","locations":[{"start":{"line":116,"column":6},"end":{"line":122,"column":null}},{"start":{"line":119,"column":6},"end":{"line":122,"column":null}}],"line":116},"19":{"loc":{"start":{"line":117,"column":18},"end":{"line":117,"column":null}},"type":"cond-expr","locations":[{"start":{"line":117,"column":34},"end":{"line":117,"column":46}},{"start":{"line":117,"column":46},"end":{"line":117,"column":null}}],"line":117},"20":{"loc":{"start":{"line":119,"column":6},"end":{"line":122,"column":null}},"type":"if","locations":[{"start":{"line":119,"column":6},"end":{"line":122,"column":null}},{"start":{},"end":{}}],"line":119},"21":{"loc":{"start":{"line":146,"column":2},"end":{"line":146,"column":null}},"type":"default-arg","locations":[{"start":{"line":146,"column":22},"end":{"line":146,"column":null}}],"line":146},"22":{"loc":{"start":{"line":150,"column":2},"end":{"line":155,"column":null}},"type":"if","locations":[{"start":{"line":150,"column":2},"end":{"line":155,"column":null}},{"start":{},"end":{}}],"line":150},"23":{"loc":{"start":{"line":153,"column":15},"end":{"line":153,"column":null}},"type":"cond-expr","locations":[{"start":{"line":153,"column":34},"end":{"line":153,"column":50}},{"start":{"line":153,"column":50},"end":{"line":153,"column":null}}],"line":153}},"s":{"0":9,"1":9,"2":9,"3":9,"4":9,"5":9,"6":1,"7":1,"8":1,"9":8,"10":5,"11":2,"12":2,"13":3,"14":2,"15":2,"16":5,"17":1,"18":1,"19":1,"20":1,"21":0,"22":0,"23":0,"24":0,"25":0,"26":0,"27":0,"28":0,"29":0,"30":0,"31":0,"32":0,"33":2,"34":0,"35":0,"36":2,"37":0,"38":0,"39":2,"40":1,"41":1,"42":2,"43":8,"44":3,"45":3,"46":2,"47":1},"f":{"0":9,"1":3},"b":{"0":[9],"1":[9],"2":[1,8],"3":[8,1,0,0,0,2],"4":[2,3],"5":[1,1],"6":[2,1],"7":[1,1],"8":[1,0],"9":[1,0],"10":[0,0],"11":[0,0],"12":[0,0],"13":[0,0],"14":[0,0],"15":[0,0],"16":[0,2],"17":[0,0],"18":[0,2],"19":[0,0],"20":[1,1],"21":[3],"22":[2,1],"23":[1,1]},"meta":{"lastBranch":24,"lastFunction":2,"lastStatement":48,"seen":{"f:50:16:50:Infinity":0,"b:54:22:54:Infinity":0,"b:55:27:55:Infinity":1,"s:57:16:57:Infinity":0,"s:58:16:58:Infinity":1,"s:61:18:61:Infinity":2,"s:62:20:62:Infinity":3,"s:63:19:63:Infinity":4,"b:66:2:70:Infinity:undefined:undefined:undefined:undefined":2,"s:66:2:70:Infinity":5,"s:67:4:67:Infinity":6,"s:68:4:68:Infinity":7,"s:69:4:69:Infinity":8,"b:74:4:82:Infinity:84:4:89:Infinity:91:4:96:Infinity:98:4:103:Infinity:105:4:110:Infinity:112:4:123:Infinity":3,"s:73:2:124:Infinity":9,"b:75:6:81:Infinity:78:6:81:Infinity":4,"s:75:6:81:Infinity":10,"s:76:8:76:Infinity":11,"b:76:32:76:47:76:47:76:Infinity":5,"s:77:8:77:Infinity":12,"b:78:6:81:Infinity:undefined:undefined:undefined:undefined":6,"s:78:6:81:Infinity":13,"s:79:8:79:Infinity":14,"b:79:34:79:46:79:46:79:Infinity":7,"s:80:8:80:Infinity":15,"s:82:6:82:Infinity":16,"b:85:6:88:Infinity:undefined:undefined:undefined:undefined":8,"s:85:6:88:Infinity":17,"s:86:8:86:Infinity":18,"b:86:32:86:46:86:46:86:Infinity":9,"s:87:8:87:Infinity":19,"s:89:6:89:Infinity":20,"b:92:6:95:Infinity:undefined:undefined:undefined:undefined":10,"s:92:6:95:Infinity":21,"s:93:8:93:Infinity":22,"b:93:32:93:47:93:47:93:Infinity":11,"s:94:8:94:Infinity":23,"s:96:6:96:Infinity":24,"b:99:6:102:Infinity:undefined:undefined:undefined:undefined":12,"s:99:6:102:Infinity":25,"s:100:8:100:Infinity":26,"b:100:34:100:46:100:46:100:Infinity":13,"s:101:8:101:Infinity":27,"s:103:6:103:Infinity":28,"b:106:6:109:Infinity:undefined:undefined:undefined:undefined":14,"s:106:6:109:Infinity":29,"s:107:8:107:Infinity":30,"b:107:34:107:48:107:48:107:Infinity":15,"s:108:8:108:Infinity":31,"s:110:6:110:Infinity":32,"b:113:6:122:Infinity:116:6:122:Infinity":16,"s:113:6:122:Infinity":33,"s:114:8:114:Infinity":34,"b:114:32:114:47:114:47:114:Infinity":17,"s:115:8:115:Infinity":35,"b:116:6:122:Infinity:119:6:122:Infinity":18,"s:116:6:122:Infinity":36,"s:117:8:117:Infinity":37,"b:117:34:117:46:117:46:117:Infinity":19,"s:118:8:118:Infinity":38,"b:119:6:122:Infinity:undefined:undefined:undefined:undefined":20,"s:119:6:122:Infinity":39,"s:120:8:120:Infinity":40,"s:121:8:121:Infinity":41,"s:123:6:123:Infinity":42,"s:126:2:126:Infinity":43,"f:143:16:143:Infinity":1,"b:146:22:146:Infinity":21,"s:148:23:148:Infinity":44,"b:150:2:155:Infinity:undefined:undefined:undefined:undefined":22,"s:150:2:155:Infinity":45,"s:151:4:154:Infinity":46,"b:153:34:153:50:153:50:153:Infinity":23,"s:157:2:157:Infinity":47}}}
,"/Users/sahil/Projects/lila-ai-web/lib/utils.ts": {"path":"/Users/sahil/Projects/lila-ai-web/lib/utils.ts","statementMap":{"0":{"start":{"line":5,"column":2},"end":{"line":5,"column":null}},"1":{"start":{"line":15,"column":8},"end":{"line":15,"column":null}},"2":{"start":{"line":17,"column":15},"end":{"line":17,"column":null}},"3":{"start":{"line":19,"column":21},"end":{"line":19,"column":null}},"4":{"start":{"line":23,"column":4},"end":{"line":31,"column":null}},"5":{"start":{"line":24,"column":8},"end":{"line":24,"column":null}},"6":{"start":{"line":25,"column":8},"end":{"line":25,"column":null}},"7":{"start":{"line":26,"column":8},"end":{"line":26,"column":null}},"8":{"start":{"line":28,"column":8},"end":{"line":28,"column":null}},"9":{"start":{"line":29,"column":8},"end":{"line":29,"column":null}},"10":{"start":{"line":30,"column":8},"end":{"line":30,"column":null}},"11":{"start":{"line":34,"column":18},"end":{"line":34,"column":null}},"12":{"start":{"line":35,"column":16},"end":{"line":35,"column":null}},"13":{"start":{"line":36,"column":17},"end":{"line":36,"column":null}},"14":{"start":{"line":38,"column":4},"end":{"line":38,"column":null}}},"fnMap":{"0":{"name":"cn","decl":{"start":{"line":4,"column":16},"end":{"line":4,"column":22}},"loc":{"start":{"line":4,"column":44},"end":{"line":6,"column":null}},"line":4},"1":{"name":"getEulerAngles","decl":{"start":{"line":9,"column":16},"end":{"line":9,"column":31}},"loc":{"start":{"line":9,"column":95},"end":{"line":39,"column":null}},"line":9}},"branchMap":{"0":{"loc":{"start":{"line":23,"column":4},"end":{"line":31,"column":null}},"type":"if","locations":[{"start":{"line":23,"column":4},"end":{"line":31,"column":null}},{"start":{"line":27,"column":11},"end":{"line":31,"column":null}}],"line":23}},"s":{"0":6,"1":2,"2":2,"3":2,"4":2,"5":2,"6":2,"7":2,"8":0,"9":0,"10":0,"11":2,"12":2,"13":2,"14":2},"f":{"0":6,"1":2},"b":{"0":[2,0]},"meta":{"lastBranch":1,"lastFunction":2,"lastStatement":15,"seen":{"f:4:16:4:22":0,"s:5:2:5:Infinity":0,"f:9:16:9:31":1,"s:15:8:15:Infinity":1,"s:17:15:17:Infinity":2,"s:19:21:19:Infinity":3,"b:23:4:31:Infinity:27:11:31:Infinity":0,"s:23:4:31:Infinity":4,"s:24:8:24:Infinity":5,"s:25:8:25:Infinity":6,"s:26:8:26:Infinity":7,"s:28:8:28:Infinity":8,"s:29:8:29:Infinity":9,"s:30:8:30:Infinity":10,"s:34:18:34:Infinity":11,"s:35:16:35:Infinity":12,"s:36:17:36:Infinity":13,"s:38:4:38:Infinity":14}}}
}
